c:\users\gabil\afeka\programing systems with c\hw3\h3_air\h3_air\x64\debug\vc142.pdb
c:\users\gabil\afeka\programing systems with c\hw3\h3_air\h3_air\x64\debug\vc142.idb
c:\users\gabil\afeka\programing systems with c\hw3\h3_air\h3_air\x64\debug\plane.obj
c:\users\gabil\afeka\programing systems with c\hw3\h3_air\h3_air\x64\debug\main.obj
c:\users\gabil\afeka\programing systems with c\hw3\h3_air\h3_air\x64\debug\list.obj
c:\users\gabil\afeka\programing systems with c\hw3\h3_air\h3_air\x64\debug\general.obj
c:\users\gabil\afeka\programing systems with c\hw3\h3_air\h3_air\x64\debug\flight.obj
c:\users\gabil\afeka\programing systems with c\hw3\h3_air\h3_air\x64\debug\date.obj
c:\users\gabil\afeka\programing systems with c\hw3\h3_air\h3_air\x64\debug\airportmanager.obj
c:\users\gabil\afeka\programing systems with c\hw3\h3_air\h3_air\x64\debug\airport.obj
c:\users\gabil\afeka\programing systems with c\hw3\h3_air\h3_air\x64\debug\airline.obj
c:\users\gabil\afeka\programing systems with c\hw3\h3_air\x64\debug\h3_air.exe
c:\users\gabil\afeka\programing systems with c\hw3\h3_air\h3_air\x64\debug\h3_air.ilk
c:\users\gabil\afeka\programing systems with c\hw3\h3_air\x64\debug\h3_air.pdb
c:\users\gabil\afeka\programing systems with c\hw3\h3_air\h3_air\x64\debug\h3_air.tlog\cl.command.1.tlog
c:\users\gabil\afeka\programing systems with c\hw3\h3_air\h3_air\x64\debug\h3_air.tlog\cl.read.1.tlog
c:\users\gabil\afeka\programing systems with c\hw3\h3_air\h3_air\x64\debug\h3_air.tlog\cl.write.1.tlog
c:\users\gabil\afeka\programing systems with c\hw3\h3_air\h3_air\x64\debug\h3_air.tlog\link.command.1.tlog
c:\users\gabil\afeka\programing systems with c\hw3\h3_air\h3_air\x64\debug\h3_air.tlog\link.read.1.tlog
c:\users\gabil\afeka\programing systems with c\hw3\h3_air\h3_air\x64\debug\h3_air.tlog\link.write.1.tlog
